# JRE version: OpenJDK Runtime Environment (24.0.2+12) (build 24.0.2+12-54)
# Java VM: OpenJDK 64-Bit Server VM (24.0.2+12-54, mixed mode, emulated-client, sharing, tiered, compressed oops, compressed class ptrs, g1 gc, windows-amd64)
GC Precious Log:
 CardTable entry size: 512
 Card Set container configuration: InlinePtr #cards 5 size 8 Array Of Cards #cards 10 size 36 Howl #buckets 4 coarsen threshold 1843 Howl Bitmap #cards 512 size 80 coarsen threshold 460 Card regions per heap region 1 cards per card region 2048
 CPUs: 8 total, 8 available
 Memory: 8029M
 Large Page Support: Disabled
 NUMA Support: Disabled
 Compressed Oops: Enabled (32-bit)
 Heap Region Size: 1M
 Heap Min Capacity: 8M
 Heap Initial Capacity: 126M
 Heap Max Capacity: 2008M
 Pre-touch: Disabled
 Parallel Workers: 8
 Concurrent Workers: 2
 Concurrent Refinement Workers: 8
 Periodic GC: Disabled
Heap:
 garbage-first heap   total reserved 2056192K, committed 178176K, used 73302K [0x0000000082800000, 0x0000000100000000)
  region size 1024K, 2 young (2048K), 1 survivors (1024K)
 Metaspace       used 113486K, committed 114688K, reserved 1179648K
  class space    used 13413K, committed 13888K, reserved 1048576K
GC Heap History (20 events):
Event: 17.714 GC heap before
{Heap before GC invocations=26 (full 0):
 garbage-first heap   total reserved 2056192K, committed 110592K, used 97280K [0x0000000082800000, 0x0000000100000000)
  region size 1024K, 34 young (34816K), 5 survivors (5120K)
 Metaspace       used 93064K, committed 93696K, reserved 1179648K
  class space    used 11115K, committed 11392K, reserved 1048576K
}
Event: 17.718 GC heap after
{Heap after GC invocations=27 (full 0):
 garbage-first heap   total reserved 2056192K, committed 178176K, used 69092K [0x0000000082800000, 0x0000000100000000)
  region size 1024K, 2 young (2048K), 2 survivors (2048K)
 Metaspace       used 93064K, committed 93696K, reserved 1179648K
  class space    used 11115K, committed 11392K, reserved 1048576K
}
Event: 17.882 GC heap before
{Heap before GC invocations=28 (full 0):
 garbage-first heap   total reserved 2056192K, committed 178176K, used 143844K [0x0000000082800000, 0x0000000100000000)
  region size 1024K, 76 young (77824K), 2 survivors (2048K)
 Metaspace       used 93066K, committed 93696K, reserved 1179648K
  class space    used 11115K, committed 11392K, reserved 1048576K
}
Event: 17.885 GC heap after
{Heap after GC invocations=29 (full 0):
 garbage-first heap   total reserved 2056192K, committed 178176K, used 70505K [0x0000000082800000, 0x0000000100000000)
  region size 1024K, 4 young (4096K), 4 survivors (4096K)
 Metaspace       used 93066K, committed 93696K, reserved 1179648K
  class space    used 11115K, committed 11392K, reserved 1048576K
}
Event: 18.014 GC heap before
{Heap before GC invocations=29 (full 0):
 garbage-first heap   total reserved 2056192K, committed 178176K, used 141161K [0x0000000082800000, 0x0000000100000000)
  region size 1024K, 73 young (74752K), 4 survivors (4096K)
 Metaspace       used 93122K, committed 93760K, reserved 1179648K
  class space    used 11127K, committed 11392K, reserved 1048576K
}
Event: 18.016 GC heap after
{Heap after GC invocations=30 (full 0):
 garbage-first heap   total reserved 2056192K, committed 178176K, used 68285K [0x0000000082800000, 0x0000000100000000)
  region size 1024K, 3 young (3072K), 3 survivors (3072K)
 Metaspace       used 93122K, committed 93760K, reserved 1179648K
  class space    used 11127K, committed 11392K, reserved 1048576K
}
Event: 18.264 GC heap before
{Heap before GC invocations=30 (full 0):
 garbage-first heap   total reserved 2056192K, committed 178176K, used 145085K [0x0000000082800000, 0x0000000100000000)
  region size 1024K, 78 young (79872K), 3 survivors (3072K)
 Metaspace       used 93593K, committed 94272K, reserved 1179648K
  class space    used 11173K, committed 11456K, reserved 1048576K
}
Event: 18.267 GC heap after
{Heap after GC invocations=31 (full 0):
 garbage-first heap   total reserved 2056192K, committed 178176K, used 69063K [0x0000000082800000, 0x0000000100000000)
  region size 1024K, 4 young (4096K), 4 survivors (4096K)
 Metaspace       used 93593K, committed 94272K, reserved 1179648K
  class space    used 11173K, committed 11456K, reserved 1048576K
}
Event: 18.893 GC heap before
{Heap before GC invocations=32 (full 0):
 garbage-first heap   total reserved 2056192K, committed 178176K, used 147911K [0x0000000082800000, 0x0000000100000000)
  region size 1024K, 82 young (83968K), 4 survivors (4096K)
 Metaspace       used 96898K, committed 97600K, reserved 1179648K
  class space    used 11556K, committed 11840K, reserved 1048576K
}
Event: 18.899 GC heap after
{Heap after GC invocations=33 (full 0):
 garbage-first heap   total reserved 2056192K, committed 178176K, used 72215K [0x0000000082800000, 0x0000000100000000)
  region size 1024K, 7 young (7168K), 7 survivors (7168K)
 Metaspace       used 96898K, committed 97600K, reserved 1179648K
  class space    used 11556K, committed 11840K, reserved 1048576K
}
Event: 19.742 GC heap before
{Heap before GC invocations=33 (full 0):
 garbage-first heap   total reserved 2056192K, committed 178176K, used 152087K [0x0000000082800000, 0x0000000100000000)
  region size 1024K, 85 young (87040K), 7 survivors (7168K)
 Metaspace       used 102279K, committed 103104K, reserved 1179648K
  class space    used 12209K, committed 12544K, reserved 1048576K
}
Event: 19.749 GC heap after
{Heap after GC invocations=34 (full 0):
 garbage-first heap   total reserved 2056192K, committed 178176K, used 75942K [0x0000000082800000, 0x0000000100000000)
  region size 1024K, 10 young (10240K), 10 survivors (10240K)
 Metaspace       used 102279K, committed 103104K, reserved 1179648K
  class space    used 12209K, committed 12544K, reserved 1048576K
}
Event: 36.246 GC heap before
{Heap before GC invocations=34 (full 0):
 garbage-first heap   total reserved 2056192K, committed 178176K, used 154790K [0x0000000082800000, 0x0000000100000000)
  region size 1024K, 88 young (90112K), 10 survivors (10240K)
 Metaspace       used 113786K, committed 114688K, reserved 1179648K
  class space    used 13500K, committed 13888K, reserved 1048576K
}
Event: 36.256 GC heap after
{Heap after GC invocations=35 (full 0):
 garbage-first heap   total reserved 2056192K, committed 178176K, used 80247K [0x0000000082800000, 0x0000000100000000)
  region size 1024K, 9 young (9216K), 9 survivors (9216K)
 Metaspace       used 113786K, committed 114688K, reserved 1179648K
  class space    used 13500K, committed 13888K, reserved 1048576K
}
Event: 148.032 GC heap before
{Heap before GC invocations=36 (full 0):
 garbage-first heap   total reserved 2056192K, committed 178176K, used 154999K [0x0000000082800000, 0x0000000100000000)
  region size 1024K, 85 young (87040K), 9 survivors (9216K)
 Metaspace       used 113795K, committed 114688K, reserved 1179648K
  class space    used 13501K, committed 13888K, reserved 1048576K
}
Event: 148.037 GC heap after
{Heap after GC invocations=37 (full 0):
 garbage-first heap   total reserved 2056192K, committed 178176K, used 76386K [0x0000000082800000, 0x0000000100000000)
  region size 1024K, 5 young (5120K), 5 survivors (5120K)
 Metaspace       used 113795K, committed 114688K, reserved 1179648K
  class space    used 13501K, committed 13888K, reserved 1048576K
}
Event: 276.910 GC heap before
{Heap before GC invocations=37 (full 0):
 garbage-first heap   total reserved 2056192K, committed 178176K, used 160354K [0x0000000082800000, 0x0000000100000000)
  region size 1024K, 87 young (89088K), 5 survivors (5120K)
 Metaspace       used 113795K, committed 114688K, reserved 1179648K
  class space    used 13501K, committed 13888K, reserved 1048576K
}
Event: 286.362 GC heap after
{Heap after GC invocations=38 (full 0):
 garbage-first heap   total reserved 2056192K, committed 178176K, used 72939K [0x0000000082800000, 0x0000000100000000)
  region size 1024K, 5 young (5120K), 5 survivors (5120K)
 Metaspace       used 113795K, committed 114688K, reserved 1179648K
  class space    used 13501K, committed 13888K, reserved 1048576K
}
Event: 289.525 GC heap before
{Heap before GC invocations=38 (full 0):
 garbage-first heap   total reserved 2056192K, committed 178176K, used 74987K [0x0000000082800000, 0x0000000100000000)
  region size 1024K, 8 young (8192K), 5 survivors (5120K)
 Metaspace       used 113795K, committed 114688K, reserved 1179648K
  class space    used 13501K, committed 13888K, reserved 1048576K
}
Event: 290.086 GC heap after
{Heap after GC invocations=39 (full 0):
 garbage-first heap   total reserved 2056192K, committed 178176K, used 73302K [0x0000000082800000, 0x0000000100000000)
  region size 1024K, 1 young (1024K), 1 survivors (1024K)
 Metaspace       used 113795K, committed 114688K, reserved 1179648K
  class space    used 13501K, committed 13888K, reserved 1048576K
}

